This is pdfTeX, Version 3.14159265-2.6-1.40.18 (TeX Live 2017/Debian) (preloaded format=pdflatex 2018.10.22)  23 OCT 2018 06:39
entering extended mode
 restricted \write18 enabled.
 %&-line parsing enabled.
**Proposal.tex
(./Proposal.tex
LaTeX2e <2017-04-15>
Babel <3.18> and hyphenation patterns for 3 language(s) loaded.
(/usr/share/texlive/texmf-dist/tex/latex/base/report.cls
Document Class: report 2014/09/29 v1.4h Standard LaTeX document class
(/usr/share/texlive/texmf-dist/tex/latex/base/size10.clo
File: size10.clo 2014/09/29 v1.4h Standard LaTeX file (size option)
)
\c@part=\count79
\c@chapter=\count80
\c@section=\count81
\c@subsection=\count82
\c@subsubsection=\count83
\c@paragraph=\count84
\c@subparagraph=\count85
\c@figure=\count86
\c@table=\count87
\abovecaptionskip=\skip41
\belowcaptionskip=\skip42
\bibindent=\dimen102
)

LaTeX Warning: Unused global option(s):
    [12pts].

(./Proposal.aux)
\openout1 = `Proposal.aux'.

LaTeX Font Info:    Checking defaults for OML/cmm/m/it on input line 7.
LaTeX Font Info:    ... okay on input line 7.
LaTeX Font Info:    Checking defaults for T1/cmr/m/n on input line 7.
LaTeX Font Info:    ... okay on input line 7.
LaTeX Font Info:    Checking defaults for OT1/cmr/m/n on input line 7.
LaTeX Font Info:    ... okay on input line 7.
LaTeX Font Info:    Checking defaults for OMS/cmsy/m/n on input line 7.
LaTeX Font Info:    ... okay on input line 7.
LaTeX Font Info:    Checking defaults for OMX/cmex/m/n on input line 7.
LaTeX Font Info:    ... okay on input line 7.
LaTeX Font Info:    Checking defaults for U/cmr/m/n on input line 7.
LaTeX Font Info:    ... okay on input line 7.
 [1

{/var/lib/texmf/fonts/map/pdftex/updmap/pdftex.map}]
Missing character: There is no Â in font cmr10!
Missing character: There is no   in font cmr10!
Missing character: There is no Â in font cmr10!
Missing character: There is no   in font cmr10!
Missing character: There is no Â in font cmr10!
Missing character: There is no   in font cmr10!
Missing character: There is no Â in font cmr10!
Missing character: There is no   in font cmr10!
Missing character: There is no Â in font cmr10!
Missing character: There is no   in font cmr10!
Missing character: There is no Â in font cmr10!
Missing character: There is no   in font cmr10!
Missing character: There is no Â in font cmr10!
Missing character: There is no   in font cmr10!
Missing character: There is no Â in font cmr10!
Missing character: There is no   in font cmr10!
Missing character: There is no Â in font cmr10!
Missing character: There is no   in font cmr10!
Missing character: There is no Â in font cmr10!
Missing character: There is no   in font cmr10!
Missing character: There is no Â in font cmr10!
Missing character: There is no   in font cmr10!
Missing character: There is no Â in font cmr10!
Missing character: There is no   in font cmr10!
Missing character: There is no Â in font cmr10!
Missing character: There is no   in font cmr10!
Missing character: There is no Â in font cmr10!
Missing character: There is no   in font cmr10!
Missing character: There is no Â in font cmr10!
Missing character: There is no   in font cmr10!
Missing character: There is no Â in font cmr10!
Missing character: There is no   in font cmr10!
Missing character: There is no Â in font cmr10!
Missing character: There is no   in font cmr10!
Missing character: There is no Â in font cmr10!
Missing character: There is no   in font cmr10!
Missing character: There is no Â in font cmr10!
Missing character: There is no   in font cmr10!
Missing character: There is no Â in font cmr10!
Missing character: There is no   in font cmr10!
Missing character: There is no Â in font cmr10!
Missing character: There is no   in font cmr10!
Missing character: There is no Â in font cmr10!
Missing character: There is no   in font cmr10!
Missing character: There is no Â in font cmr10!
Missing character: There is no   in font cmr10!

Overfull \hbox (1.80615pt too wide) in paragraph at lines 16--17
[]\OT1/cmr/m/n/10 Candidate/targeted gene anal-y-ses of case-control and family
-based trios stud-
 []

[2] [3] (./Proposal.aux) ) 
Here is how much of TeX's memory you used:
 227 strings out of 494923
 2432 string characters out of 6180741
 56572 words of memory out of 5000000
 3626 multiletter control sequences out of 15000+600000
 4591 words of font info for 17 fonts, out of 8000000 for 9000
 14 hyphenation exceptions out of 8191
 23i,4n,17p,2752b,107s stack positions out of 5000i,500n,10000p,200000b,80000s
</usr/share/texlive/texmf-dist/fonts/type1/public/ams
fonts/cm/cmbx12.pfb></usr/share/texlive/texmf-dist/fonts/type1/public/amsfonts/
cm/cmr10.pfb></usr/share/texlive/texmf-dist/fonts/type1/public/amsfonts/cm/cmti
10.pfb>
Output written on Proposal.pdf (3 pages, 53150 bytes).
PDF statistics:
 26 PDF objects out of 1000 (max. 8388607)
 17 compressed objects within 1 object stream
 0 named destinations out of 1000 (max. 500000)
 1 words of extra memory for PDF output out of 10000 (max. 10000000)

